Error parsing '/home/shorif/Schreibtisch/Masterarbeit/ros2_test/src/interfaces/package.xml':
Traceback (most recent call last):
  File "/opt/ros/iron/share/ament_cmake_core/cmake/core/package_xml_2_cmake.py", line 150, in <module>
    main()
  File "/opt/ros/iron/share/ament_cmake_core/cmake/core/package_xml_2_cmake.py", line 53, in main
    raise e
  File "/opt/ros/iron/share/ament_cmake_core/cmake/core/package_xml_2_cmake.py", line 49, in main
    package = parse_package_string(
  File "/home/shorif/miniconda3/lib/python3.10/site-packages/catkin_pkg/package.py", line 788, in parse_package_string
    pkg.validate(warnings=warnings)
  File "/home/shorif/miniconda3/lib/python3.10/site-packages/catkin_pkg/package.py", line 330, in validate
    raise InvalidPackage('\n'.join(errors), self.filename)
catkin_pkg.package.InvalidPackage: Error(s) in package '/home/shorif/Schreibtisch/Masterarbeit/ros2_test/src/interfaces/package.xml':
Package version "0.0.0.0" does not follow version conventions
[31mCMake Error at /opt/ros/iron/share/ament_cmake_core/cmake/core/ament_package_xml.cmake:95 (message):
  execute_process(/home/shorif/miniconda3/bin/python3.10
  /opt/ros/iron/share/ament_cmake_core/cmake/core/package_xml_2_cmake.py
  /home/shorif/Schreibtisch/Masterarbeit/ros2_test/src/interfaces/package.xml
  /home/shorif/Schreibtisch/Masterarbeit/ros2_test/build/interfaces/ament_cmake_core/package.cmake)
  returned error code 1
Call Stack (most recent call first):
  /opt/ros/iron/share/ament_cmake_core/cmake/core/ament_package_xml.cmake:49 (_ament_package_xml)
  /opt/ros/iron/share/rosidl_cmake/cmake/rosidl_generate_interfaces.cmake:256 (ament_package_xml)
  CMakeLists.txt:15 (rosidl_generate_interfaces)

[0m
gmake: *** [Makefile:1085: cmake_check_build_system] Fehler 1
