[0.013s] Invoking command in '/home/shorif/Schreibtisch/Masterarbeit/ros2_test/build/interfaces': CONDA_PROMPT_MODIFIER=(base) /usr/bin/cmake --build /home/shorif/Schreibtisch/Masterarbeit/ros2_test/build/interfaces -- -j16 -l16
[0.188s] -- Found ament_cmake: 2.0.5 (/opt/ros/iron/share/ament_cmake/cmake)
[0.188s] -- Found rosidl_default_generators: 1.5.0 (/opt/ros/iron/share/rosidl_default_generators/cmake)
[0.189s] -- Using all available rosidl_typesupport_c: rosidl_typesupport_fastrtps_c;rosidl_typesupport_introspection_c
[0.189s] -- Using all available rosidl_typesupport_cpp: rosidl_typesupport_fastrtps_cpp;rosidl_typesupport_introspection_cpp
[0.189s] -- Found rosidl_adapter: 4.0.1 (/opt/ros/iron/share/rosidl_adapter/cmake)
[0.398s] Error parsing '/home/shorif/Schreibtisch/Masterarbeit/ros2_test/src/interfaces/package.xml':
[0.399s] Traceback (most recent call last):
[0.399s]   File "/opt/ros/iron/share/ament_cmake_core/cmake/core/package_xml_2_cmake.py", line 150, in <module>
[0.399s]     main()
[0.399s]   File "/opt/ros/iron/share/ament_cmake_core/cmake/core/package_xml_2_cmake.py", line 53, in main
[0.399s]     raise e
[0.399s]   File "/opt/ros/iron/share/ament_cmake_core/cmake/core/package_xml_2_cmake.py", line 49, in main
[0.399s]     package = parse_package_string(
[0.399s]   File "/home/shorif/miniconda3/lib/python3.10/site-packages/catkin_pkg/package.py", line 788, in parse_package_string
[0.399s]     pkg.validate(warnings=warnings)
[0.399s]   File "/home/shorif/miniconda3/lib/python3.10/site-packages/catkin_pkg/package.py", line 330, in validate
[0.399s]     raise InvalidPackage('\n'.join(errors), self.filename)
[0.399s] catkin_pkg.package.InvalidPackage: Error(s) in package '/home/shorif/Schreibtisch/Masterarbeit/ros2_test/src/interfaces/package.xml':
[0.399s] Package version "0.0.0.0" does not follow version conventions
[0.405s] [31mCMake Error at /opt/ros/iron/share/ament_cmake_core/cmake/core/ament_package_xml.cmake:95 (message):
[0.406s]   execute_process(/home/shorif/miniconda3/bin/python3.10
[0.406s]   /opt/ros/iron/share/ament_cmake_core/cmake/core/package_xml_2_cmake.py
[0.406s]   /home/shorif/Schreibtisch/Masterarbeit/ros2_test/src/interfaces/package.xml
[0.406s]   /home/shorif/Schreibtisch/Masterarbeit/ros2_test/build/interfaces/ament_cmake_core/package.cmake)
[0.406s]   returned error code 1
[0.406s] Call Stack (most recent call first):
[0.406s]   /opt/ros/iron/share/ament_cmake_core/cmake/core/ament_package_xml.cmake:49 (_ament_package_xml)
[0.406s]   /opt/ros/iron/share/rosidl_cmake/cmake/rosidl_generate_interfaces.cmake:256 (ament_package_xml)
[0.406s]   CMakeLists.txt:15 (rosidl_generate_interfaces)
[0.406s] 
[0.406s] [0m
[0.406s] -- Configuring incomplete, errors occurred!
[0.406s] See also "/home/shorif/Schreibtisch/Masterarbeit/ros2_test/build/interfaces/CMakeFiles/CMakeOutput.log".
[0.410s] gmake: *** [Makefile:1085: cmake_check_build_system] Fehler 1
[0.412s] Invoked command in '/home/shorif/Schreibtisch/Masterarbeit/ros2_test/build/interfaces' returned '2': CONDA_PROMPT_MODIFIER=(base) /usr/bin/cmake --build /home/shorif/Schreibtisch/Masterarbeit/ros2_test/build/interfaces -- -j16 -l16
