[0.006s] Invoking command in '/home/shorif/Schreibtisch/Masterarbeit/ros2_test/build/interfaces': CMAKE_PREFIX_PATH=/opt/ros/iron CONDA_PROMPT_MODIFIER=(base) /usr/bin/cmake /home/shorif/Schreibtisch/Masterarbeit/ros2_test/src/interfaces -DCMAKE_INSTALL_PREFIX=/home/shorif/Schreibtisch/Masterarbeit/ros2_test/install/interfaces
[0.015s] -- Found ament_cmake: 2.0.5 (/opt/ros/iron/share/ament_cmake/cmake)
[0.100s] -- Found rosidl_default_generators: 1.5.0 (/opt/ros/iron/share/rosidl_default_generators/cmake)
[0.102s] -- Using all available rosidl_typesupport_c: rosidl_typesupport_fastrtps_c;rosidl_typesupport_introspection_c
[0.124s] -- Using all available rosidl_typesupport_cpp: rosidl_typesupport_fastrtps_cpp;rosidl_typesupport_introspection_cpp
[0.143s] -- Found rosidl_adapter: 4.0.1 (/opt/ros/iron/share/rosidl_adapter/cmake)
[0.207s] [31mCMake Error at /opt/ros/iron/share/rosidl_adapter/cmake/rosidl_adapt_interfaces.cmake:57 (message):
[0.207s]   execute_process(/home/shorif/miniconda3/bin/python3.10 -m rosidl_adapter
[0.207s]   --package-name interfaces --arguments-file
[0.207s]   /home/shorif/Schreibtisch/Masterarbeit/ros2_test/build/interfaces/rosidl_adapter__arguments__interfaces.json
[0.207s]   --output-dir
[0.207s]   /home/shorif/Schreibtisch/Masterarbeit/ros2_test/build/interfaces/rosidl_adapter/interfaces
[0.208s]   --output-file
[0.208s]   /home/shorif/Schreibtisch/Masterarbeit/ros2_test/build/interfaces/rosidl_adapter/interfaces.idls)
[0.208s]   returned error code 1:
[0.208s] 
[0.208s]   AttributeError processing template 'srv.idl.em'
[0.208s] 
[0.208s]   Traceback (most recent call last):
[0.208s] 
[0.208s]     File "/opt/ros/iron/lib/python3.10/site-packages/rosidl_adapter/resource/__init__.py", line 48, in evaluate_template
[0.208s]       _interpreter = em.Interpreter(
[0.208s] 
[0.208s]   AttributeError: module 'em' has no attribute 'Interpreter'
[0.208s] 
[0.208s]   
[0.208s] 
[0.208s]   During handling of the above exception, another exception occurred:
[0.208s] 
[0.208s]   
[0.208s] 
[0.208s]   Traceback (most recent call last):
[0.208s] 
[0.208s]     File "/home/shorif/miniconda3/lib/python3.10/runpy.py", line 196, in _run_module_as_main
[0.209s]       return _run_code(code, main_globals, None,
[0.209s]     File "/home/shorif/miniconda3/lib/python3.10/runpy.py", line 86, in _run_code
[0.209s]       exec(code, run_globals)
[0.209s]     File "/opt/ros/iron/lib/python3.10/site-packages/rosidl_adapter/__main__.py", line 19, in <module>
[0.209s]       sys.exit(main())
[0.209s]     File "/opt/ros/iron/lib/python3.10/site-packages/rosidl_adapter/main.py", line 53, in main
[0.209s]       abs_idl_file = convert_to_idl(
[0.209s]     File "/opt/ros/iron/lib/python3.10/site-packages/rosidl_adapter/__init__.py", line 24, in convert_to_idl
[0.209s]       return convert_srv_to_idl(
[0.209s]     File "/opt/ros/iron/lib/python3.10/site-packages/rosidl_adapter/srv/__init__.py", line 39, in convert_srv_to_idl
[0.209s]       expand_template('srv.idl.em', data, output_file, encoding='iso-8859-1')
[0.209s]     File "/opt/ros/iron/lib/python3.10/site-packages/rosidl_adapter/resource/__init__.py", line 23, in expand_template
[0.209s]       content = evaluate_template(template_name, data)
[0.209s]     File "/opt/ros/iron/lib/python3.10/site-packages/rosidl_adapter/resource/__init__.py", line 69, in evaluate_template
[0.209s]       _interpreter.shutdown()
[0.209s] 
[0.209s]   AttributeError: 'NoneType' object has no attribute 'shutdown'
[0.209s] 
[0.209s] Call Stack (most recent call first):
[0.209s]   /opt/ros/iron/share/rosidl_cmake/cmake/rosidl_generate_interfaces.cmake:132 (rosidl_adapt_interfaces)
[0.209s]   CMakeLists.txt:15 (rosidl_generate_interfaces)
[0.209s] 
[0.209s] [0m
[0.210s] -- Configuring incomplete, errors occurred!
[0.210s] See also "/home/shorif/Schreibtisch/Masterarbeit/ros2_test/build/interfaces/CMakeFiles/CMakeOutput.log".
[0.211s] Invoked command in '/home/shorif/Schreibtisch/Masterarbeit/ros2_test/build/interfaces' returned '1': CMAKE_PREFIX_PATH=/opt/ros/iron CONDA_PROMPT_MODIFIER=(base) /usr/bin/cmake /home/shorif/Schreibtisch/Masterarbeit/ros2_test/src/interfaces -DCMAKE_INSTALL_PREFIX=/home/shorif/Schreibtisch/Masterarbeit/ros2_test/install/interfaces
