[0.006s] Invoking command in '/home/shorif/Schreibtisch/Masterarbeit/ros2_test/build/interfaces': CMAKE_PREFIX_PATH=/opt/ros/iron CONDA_PROMPT_MODIFIER=(base) /usr/bin/cmake /home/shorif/Schreibtisch/Masterarbeit/ros2_test/src/interfaces -DCMAKE_INSTALL_PREFIX=/home/shorif/Schreibtisch/Masterarbeit/ros2_test/install/interfaces
[0.016s] -- Found ament_cmake: 2.0.5 (/opt/ros/iron/share/ament_cmake/cmake)
[0.102s] -- Found rosidl_default_generators: 1.5.0 (/opt/ros/iron/share/rosidl_default_generators/cmake)
[0.103s] -- Using all available rosidl_typesupport_c: rosidl_typesupport_fastrtps_c;rosidl_typesupport_introspection_c
[0.126s] -- Using all available rosidl_typesupport_cpp: rosidl_typesupport_fastrtps_cpp;rosidl_typesupport_introspection_cpp
[0.144s] -- Found rosidl_adapter: 4.0.1 (/opt/ros/iron/share/rosidl_adapter/cmake)
[0.392s] -- Found ament_cmake_ros: 0.11.2 (/opt/ros/iron/share/ament_cmake_ros/cmake)
[0.504s] -- Using all available rosidl_typesupport_c: rosidl_typesupport_fastrtps_c;rosidl_typesupport_introspection_c
[0.652s] -- Using all available rosidl_typesupport_cpp: rosidl_typesupport_fastrtps_cpp;rosidl_typesupport_introspection_cpp
[0.664s] -- Found PythonInterp: /home/shorif/miniconda3/bin/python3 (found suitable version "3.10.14", minimum required is "3.6") 
[0.666s] -- Found python_cmake_module: 0.10.2 (/opt/ros/iron/share/python_cmake_module/cmake)
[0.680s] -- Found PythonLibs: /home/shorif/miniconda3/lib/libpython3.10.so (found suitable version "3.10.14", minimum required is "3.5") 
[0.680s] -- Using PYTHON_EXECUTABLE: /home/shorif/miniconda3/bin/python3
[0.680s] -- Using PYTHON_INCLUDE_DIRS: /home/shorif/miniconda3/include/python3.10
[0.680s] -- Using PYTHON_LIBRARIES: /home/shorif/miniconda3/lib/libpython3.10.so
[0.690s] -- Found PythonExtra: .so  
[0.837s] -- Using numpy include directory: /home/shorif/.local/lib/python3.10/site-packages/numpy/core/include
[0.843s] -- Found ament_lint_auto: 0.14.3 (/opt/ros/iron/share/ament_lint_auto/cmake)
[0.861s] -- Added test 'lint_cmake' to check CMake code style
[0.862s] -- Added test 'xmllint' to check XML markup files
[0.864s] -- Configuring done
[0.882s] [33mCMake Warning at /opt/ros/iron/share/rosidl_generator_py/cmake/rosidl_generator_py_generate_interfaces.cmake:166 (add_library):
[0.882s]   Cannot generate a safe runtime search path for target
[0.882s]   interfaces__rosidl_generator_py because files in some directories may
[0.882s]   conflict with libraries in implicit directories:
[0.882s] 
[0.882s]     runtime library [libpython3.10.so.1.0] in /usr/lib/x86_64-linux-gnu may be hidden by files in:
[0.882s]       /home/shorif/miniconda3/lib
[0.882s] 
[0.882s]   Some of these libraries may not be found correctly.
[0.882s] Call Stack (most recent call first):
[0.882s]   /opt/ros/iron/share/ament_cmake_core/cmake/core/ament_execute_extensions.cmake:48 (include)
[0.882s]   /opt/ros/iron/share/rosidl_cmake/cmake/rosidl_generate_interfaces.cmake:316 (ament_execute_extensions)
[0.882s]   CMakeLists.txt:15 (rosidl_generate_interfaces)
[0.882s] 
[0.882s] [0m
[0.884s] [33mCMake Warning at /opt/ros/iron/share/rosidl_generator_py/cmake/rosidl_generator_py_generate_interfaces.cmake:226 (add_library):
[0.884s]   Cannot generate a safe runtime search path for target
[0.884s]   interfaces__rosidl_typesupport_fastrtps_c__pyext because files in some
[0.884s]   directories may conflict with libraries in implicit directories:
[0.884s] 
[0.884s]     runtime library [libpython3.10.so.1.0] in /usr/lib/x86_64-linux-gnu may be hidden by files in:
[0.884s]       /home/shorif/miniconda3/lib
[0.884s] 
[0.884s]   Some of these libraries may not be found correctly.
[0.884s] Call Stack (most recent call first):
[0.884s]   /opt/ros/iron/share/ament_cmake_core/cmake/core/ament_execute_extensions.cmake:48 (include)
[0.884s]   /opt/ros/iron/share/rosidl_cmake/cmake/rosidl_generate_interfaces.cmake:316 (ament_execute_extensions)
[0.884s]   CMakeLists.txt:15 (rosidl_generate_interfaces)
[0.884s] 
[0.884s] [0m
[0.886s] [33mCMake Warning at /opt/ros/iron/share/rosidl_generator_py/cmake/rosidl_generator_py_generate_interfaces.cmake:226 (add_library):
[0.886s]   Cannot generate a safe runtime search path for target
[0.886s]   interfaces__rosidl_typesupport_introspection_c__pyext because files in some
[0.886s]   directories may conflict with libraries in implicit directories:
[0.886s] 
[0.886s]     runtime library [libpython3.10.so.1.0] in /usr/lib/x86_64-linux-gnu may be hidden by files in:
[0.886s]       /home/shorif/miniconda3/lib
[0.886s] 
[0.886s]   Some of these libraries may not be found correctly.
[0.886s] Call Stack (most recent call first):
[0.886s]   /opt/ros/iron/share/ament_cmake_core/cmake/core/ament_execute_extensions.cmake:48 (include)
[0.886s]   /opt/ros/iron/share/rosidl_cmake/cmake/rosidl_generate_interfaces.cmake:316 (ament_execute_extensions)
[0.886s]   CMakeLists.txt:15 (rosidl_generate_interfaces)
[0.886s] 
[0.886s] [0m
[0.887s] [33mCMake Warning at /opt/ros/iron/share/rosidl_generator_py/cmake/rosidl_generator_py_generate_interfaces.cmake:226 (add_library):
[0.887s]   Cannot generate a safe runtime search path for target
[0.887s]   interfaces__rosidl_typesupport_c__pyext because files in some directories
[0.887s]   may conflict with libraries in implicit directories:
[0.887s] 
[0.888s]     runtime library [libpython3.10.so.1.0] in /usr/lib/x86_64-linux-gnu may be hidden by files in:
[0.888s]       /home/shorif/miniconda3/lib
[0.888s] 
[0.888s]   Some of these libraries may not be found correctly.
[0.888s] Call Stack (most recent call first):
[0.888s]   /opt/ros/iron/share/ament_cmake_core/cmake/core/ament_execute_extensions.cmake:48 (include)
[0.888s]   /opt/ros/iron/share/rosidl_cmake/cmake/rosidl_generate_interfaces.cmake:316 (ament_execute_extensions)
[0.888s]   CMakeLists.txt:15 (rosidl_generate_interfaces)
[0.888s] 
[0.888s] [0m
[0.891s] -- Generating done
[0.893s] -- Build files have been written to: /home/shorif/Schreibtisch/Masterarbeit/ros2_test/build/interfaces
[0.898s] Invoked command in '/home/shorif/Schreibtisch/Masterarbeit/ros2_test/build/interfaces' returned '0': CMAKE_PREFIX_PATH=/opt/ros/iron CONDA_PROMPT_MODIFIER=(base) /usr/bin/cmake /home/shorif/Schreibtisch/Masterarbeit/ros2_test/src/interfaces -DCMAKE_INSTALL_PREFIX=/home/shorif/Schreibtisch/Masterarbeit/ros2_test/install/interfaces
[0.900s] Invoking command in '/home/shorif/Schreibtisch/Masterarbeit/ros2_test/build/interfaces': CMAKE_PREFIX_PATH=/opt/ros/iron CONDA_PROMPT_MODIFIER=(base) /usr/bin/cmake --build /home/shorif/Schreibtisch/Masterarbeit/ros2_test/build/interfaces -- -j16 -l16
[0.935s] [  2%] [34m[1mGenerating type hashes for ROS interfaces[0m
[0.941s] [  2%] Built target ament_cmake_python_copy_interfaces
[0.962s] Traceback (most recent call last):
[0.962s]   File "/opt/ros/iron/lib/rosidl_generator_type_description/rosidl_generator_type_description", line 21, in <module>
[0.963s]     from rosidl_generator_type_description import generate_type_hash
[0.963s]   File "/opt/ros/iron/lib/python3.10/site-packages/rosidl_generator_type_description/__init__.py", line 24, in <module>
[0.963s]     from rosidl_parser.parser import parse_idl_file
[0.963s]   File "/opt/ros/iron/lib/python3.10/site-packages/rosidl_parser/parser.py", line 20, in <module>
[0.963s]     from lark import Lark
[0.963s] ModuleNotFoundError: No module named 'lark'
[0.965s] gmake[2]: *** [CMakeFiles/interfaces__rosidl_generator_type_description.dir/build.make:75: rosidl_generator_type_description/interfaces/srv/MakeSquare.json] Fehler 1
[0.966s] gmake[1]: *** [CMakeFiles/Makefile2:215: CMakeFiles/interfaces__rosidl_generator_type_description.dir/all] Fehler 2
[0.966s] gmake[1]: *** Auf noch nicht beendete Prozesse wird gewartet â€¦
[1.062s] running egg_info
[1.063s] creating interfaces.egg-info
[1.071s] writing interfaces.egg-info/PKG-INFO
[1.071s] writing dependency_links to interfaces.egg-info/dependency_links.txt
[1.071s] writing top-level names to interfaces.egg-info/top_level.txt
[1.071s] writing manifest file 'interfaces.egg-info/SOURCES.txt'
[1.094s] reading manifest file 'interfaces.egg-info/SOURCES.txt'
[1.094s] writing manifest file 'interfaces.egg-info/SOURCES.txt'
[1.112s] [  2%] Built target ament_cmake_python_build_interfaces_egg
[1.113s] gmake: *** [Makefile:146: all] Fehler 2
[1.115s] Invoked command in '/home/shorif/Schreibtisch/Masterarbeit/ros2_test/build/interfaces' returned '2': CMAKE_PREFIX_PATH=/opt/ros/iron CONDA_PROMPT_MODIFIER=(base) /usr/bin/cmake --build /home/shorif/Schreibtisch/Masterarbeit/ros2_test/build/interfaces -- -j16 -l16
