[0.006s] Invoking command in '/home/shorif/Schreibtisch/Masterarbeit/ros2_test/build/interfaces': CONDA_PROMPT_MODIFIER=(base) /usr/bin/cmake /home/shorif/Schreibtisch/Masterarbeit/ros2_test/src/interfaces -DCMAKE_INSTALL_PREFIX=/home/shorif/Schreibtisch/Masterarbeit/ros2_test/install/interfaces
[0.044s] -- The C compiler identification is GNU 11.4.0
[0.082s] -- The CXX compiler identification is GNU 11.4.0
[0.087s] -- Detecting C compiler ABI info
[0.137s] -- Detecting C compiler ABI info - done
[0.141s] -- Check for working C compiler: /usr/bin/cc - skipped
[0.141s] -- Detecting C compile features
[0.142s] -- Detecting C compile features - done
[0.144s] -- Detecting CXX compiler ABI info
[0.198s] -- Detecting CXX compiler ABI info - done
[0.203s] -- Check for working CXX compiler: /usr/bin/c++ - skipped
[0.203s] -- Detecting CXX compile features
[0.203s] -- Detecting CXX compile features - done
[0.205s] -- Found ament_cmake: 2.0.5 (/opt/ros/iron/share/ament_cmake/cmake)
[0.429s] -- Found Python3: /home/shorif/miniconda3/bin/python3.10 (found version "3.10.14") found components: Interpreter 
[0.484s] -- Found rosidl_default_generators: 1.5.0 (/opt/ros/iron/share/rosidl_default_generators/cmake)
[0.487s] -- Using all available rosidl_typesupport_c: rosidl_typesupport_fastrtps_c;rosidl_typesupport_introspection_c
[0.517s] -- Using all available rosidl_typesupport_cpp: rosidl_typesupport_fastrtps_cpp;rosidl_typesupport_introspection_cpp
[0.542s] -- Found rosidl_adapter: 4.0.1 (/opt/ros/iron/share/rosidl_adapter/cmake)
[0.611s] [31mCMake Error at /opt/ros/iron/share/rosidl_adapter/cmake/rosidl_adapt_interfaces.cmake:57 (message):
[0.612s]   execute_process(/home/shorif/miniconda3/bin/python3.10 -m rosidl_adapter
[0.612s]   --package-name interfaces --arguments-file
[0.612s]   /home/shorif/Schreibtisch/Masterarbeit/ros2_test/build/interfaces/rosidl_adapter__arguments__interfaces.json
[0.612s]   --output-dir
[0.612s]   /home/shorif/Schreibtisch/Masterarbeit/ros2_test/build/interfaces/rosidl_adapter/interfaces
[0.612s]   --output-file
[0.612s]   /home/shorif/Schreibtisch/Masterarbeit/ros2_test/build/interfaces/rosidl_adapter/interfaces.idls)
[0.612s]   returned error code 1:
[0.612s] 
[0.612s]   AttributeError processing template 'srv.idl.em'
[0.612s] 
[0.612s]   Traceback (most recent call last):
[0.612s] 
[0.612s]     File "/opt/ros/iron/lib/python3.10/site-packages/rosidl_adapter/resource/__init__.py", line 48, in evaluate_template
[0.612s]       _interpreter = em.Interpreter(
[0.612s] 
[0.612s]   AttributeError: module 'em' has no attribute 'Interpreter'
[0.612s] 
[0.612s]   
[0.612s] 
[0.612s]   During handling of the above exception, another exception occurred:
[0.613s] 
[0.613s]   
[0.613s] 
[0.613s]   Traceback (most recent call last):
[0.613s] 
[0.613s]     File "/home/shorif/miniconda3/lib/python3.10/runpy.py", line 196, in _run_module_as_main
[0.613s]       return _run_code(code, main_globals, None,
[0.613s]     File "/home/shorif/miniconda3/lib/python3.10/runpy.py", line 86, in _run_code
[0.613s]       exec(code, run_globals)
[0.613s]     File "/opt/ros/iron/lib/python3.10/site-packages/rosidl_adapter/__main__.py", line 19, in <module>
[0.613s]       sys.exit(main())
[0.613s]     File "/opt/ros/iron/lib/python3.10/site-packages/rosidl_adapter/main.py", line 53, in main
[0.613s]       abs_idl_file = convert_to_idl(
[0.613s]     File "/opt/ros/iron/lib/python3.10/site-packages/rosidl_adapter/__init__.py", line 24, in convert_to_idl
[0.613s]       return convert_srv_to_idl(
[0.613s]     File "/opt/ros/iron/lib/python3.10/site-packages/rosidl_adapter/srv/__init__.py", line 39, in convert_srv_to_idl
[0.613s]       expand_template('srv.idl.em', data, output_file, encoding='iso-8859-1')
[0.613s]     File "/opt/ros/iron/lib/python3.10/site-packages/rosidl_adapter/resource/__init__.py", line 23, in expand_template
[0.613s]       content = evaluate_template(template_name, data)
[0.613s]     File "/opt/ros/iron/lib/python3.10/site-packages/rosidl_adapter/resource/__init__.py", line 69, in evaluate_template
[0.613s]       _interpreter.shutdown()
[0.613s] 
[0.613s]   AttributeError: 'NoneType' object has no attribute 'shutdown'
[0.614s] 
[0.614s] Call Stack (most recent call first):
[0.614s]   /opt/ros/iron/share/rosidl_cmake/cmake/rosidl_generate_interfaces.cmake:132 (rosidl_adapt_interfaces)
[0.614s]   CMakeLists.txt:15 (rosidl_generate_interfaces)
[0.614s] 
[0.614s] [0m
[0.614s] -- Configuring incomplete, errors occurred!
[0.614s] See also "/home/shorif/Schreibtisch/Masterarbeit/ros2_test/build/interfaces/CMakeFiles/CMakeOutput.log".
[0.616s] Invoked command in '/home/shorif/Schreibtisch/Masterarbeit/ros2_test/build/interfaces' returned '1': CONDA_PROMPT_MODIFIER=(base) /usr/bin/cmake /home/shorif/Schreibtisch/Masterarbeit/ros2_test/src/interfaces -DCMAKE_INSTALL_PREFIX=/home/shorif/Schreibtisch/Masterarbeit/ros2_test/install/interfaces
